<?xml version="1.0" encoding="UTF-8"?>
<testsuites tests="4" failures="2" errors="0" time="1.914964">
	<testsuite tests="4" failures="2" time="0.970000" name="fanatics.com/sit" timestamp="2024-01-02T20:35:48+05:30">
		<properties>
			<property name="go.version" value="go1.21.4 darwin/arm64"></property>
		</properties>
		<testcase classname="fanatics.com/sit" name="TestFeatures/Eat_2_out_of_12#01" time="0.000000">
			<failure message="Failed" type="">=== RUN   TestFeatures/Eat_2_out_of_12#01&#xA;&#xA;  �[1;37mScenario:�[0m Eat 2 out of 12          �[1;30m# features/sit-test.feature:16�[0m&#xA;    �[32mGiven�[0m �[32mthere are 12 godogs�[0m        �[1;30m# sit_test.go:16 -&gt; fanatics.com/sit.thereAreGodogs�[0m&#xA;    �[32mWhen�[0m �[32mI eat 10�[0m                    �[1;30m# sit_test.go:20 -&gt; fanatics.com/sit.iEat�[0m&#xA;    �[31mThen�[0m �[31mthere should be 0 remaining�[0m �[1;30m# sit_test.go:35 -&gt; fanatics.com/sit.thereShouldBeRemaining�[0m&#xA;    �[1;31m&#xA;&#x9;Error Trace:&#x9;/Users/vlellapalli/Code/sit-test/sit_test.go:72&#xA;&#x9;            &#x9;&#x9;&#x9;&#x9;/Users/vlellapalli/Code/sit-test/sit_test.go:41&#xA;&#x9;            &#x9;&#x9;&#x9;&#x9;/usr/local/go/src/reflect/value.go:596&#xA;&#x9;            &#x9;&#x9;&#x9;&#x9;/usr/local/go/src/reflect/value.go:380&#xA;&#x9;            &#x9;&#x9;&#x9;&#x9;/Users/vlellapalli/go/pkg/mod/github.com/cucumber/godog@v0.13.0/internal/models/stepdef.go:182&#xA;&#x9;            &#x9;&#x9;&#x9;&#x9;/Users/vlellapalli/go/pkg/mod/github.com/cucumber/godog@v0.13.0/suite.go:209&#xA;&#x9;            &#x9;&#x9;&#x9;&#x9;/Users/vlellapalli/go/pkg/mod/github.com/cucumber/godog@v0.13.0/suite.go:474&#xA;&#x9;            &#x9;&#x9;&#x9;&#x9;/Users/vlellapalli/go/pkg/mod/github.com/cucumber/godog@v0.13.0/suite.go:525&#xA;&#x9;Error:      &#x9;Not equal: &#xA;&#x9;            &#x9;expected: 2&#xA;&#x9;            &#x9;actual  : 0&#xA;&#x9;Messages:   &#x9;Expected 0 godogs to be remaining, but there is 2&#xA;�[0m&#xA;    suite.go:527: &#xA;        &#x9;Error Trace:&#x9;/Users/vlellapalli/Code/sit-test/sit_test.go:72&#xA;        &#x9;            &#x9;&#x9;&#x9;&#x9;/Users/vlellapalli/Code/sit-test/sit_test.go:41&#xA;        &#x9;            &#x9;&#x9;&#x9;&#x9;/usr/local/go/src/reflect/value.go:596&#xA;        &#x9;            &#x9;&#x9;&#x9;&#x9;/usr/local/go/src/reflect/value.go:380&#xA;        &#x9;            &#x9;&#x9;&#x9;&#x9;/Users/vlellapalli/go/pkg/mod/github.com/cucumber/godog@v0.13.0/internal/models/stepdef.go:182&#xA;        &#x9;            &#x9;&#x9;&#x9;&#x9;/Users/vlellapalli/go/pkg/mod/github.com/cucumber/godog@v0.13.0/suite.go:209&#xA;        &#x9;            &#x9;&#x9;&#x9;&#x9;/Users/vlellapalli/go/pkg/mod/github.com/cucumber/godog@v0.13.0/suite.go:474&#xA;        &#x9;            &#x9;&#x9;&#x9;&#x9;/Users/vlellapalli/go/pkg/mod/github.com/cucumber/godog@v0.13.0/suite.go:525&#xA;        &#x9;Error:      &#x9;Not equal: &#xA;        &#x9;            &#x9;expected: 2&#xA;        &#x9;            &#x9;actual  : 0&#xA;        &#x9;Messages:   &#x9;Expected 0 godogs to be remaining, but there is 2&#xA;--- FAIL: TestFeatures/Eat_2_out_of_12#01 (0.00s)&#xA;</failure>
		</testcase>
		<testcase classname="fanatics.com/sit" name="TestFeatures" time="0.000000">
			<failure message="Failed" type="">=== RUN   TestFeatures&#xA;�[1;37mFeature:�[0m eat godogs&#xA;  In order to be happy&#xA;  As a hungry gopher&#xA;  I need to be able to eat godogs&#xA;&#xA;--- �[31mFailed steps:�[0m&#xA;&#xA;  �[31mScenario: Eat 2 out of 12�[0m �[1;30m# features/sit-test.feature:16�[0m&#xA;    �[31mThen there should be 0 remaining�[0m �[1;30m# features/sit-test.feature:19�[0m&#xA;      �[31mError: �[0m�[1;31m&#xA;&#x9;Error Trace:&#x9;/Users/vlellapalli/Code/sit-test/sit_test.go:72&#xA;&#x9;            &#x9;&#x9;&#x9;&#x9;/Users/vlellapalli/Code/sit-test/sit_test.go:41&#xA;&#x9;            &#x9;&#x9;&#x9;&#x9;/usr/local/go/src/reflect/value.go:596&#xA;&#x9;            &#x9;&#x9;&#x9;&#x9;/usr/local/go/src/reflect/value.go:380&#xA;&#x9;            &#x9;&#x9;&#x9;&#x9;/Users/vlellapalli/go/pkg/mod/github.com/cucumber/godog@v0.13.0/internal/models/stepdef.go:182&#xA;&#x9;            &#x9;&#x9;&#x9;&#x9;/Users/vlellapalli/go/pkg/mod/github.com/cucumber/godog@v0.13.0/suite.go:209&#xA;&#x9;            &#x9;&#x9;&#x9;&#x9;/Users/vlellapalli/go/pkg/mod/github.com/cucumber/godog@v0.13.0/suite.go:474&#xA;&#x9;            &#x9;&#x9;&#x9;&#x9;/Users/vlellapalli/go/pkg/mod/github.com/cucumber/godog@v0.13.0/suite.go:525&#xA;&#x9;Error:      &#x9;Not equal: &#xA;&#x9;            &#x9;expected: 2&#xA;&#x9;            &#x9;actual  : 0&#xA;&#x9;Messages:   &#x9;Expected 0 godogs to be remaining, but there is 2&#xA;�[0m&#xA;&#xA;&#xA;3 scenarios (�[32m2 passed�[0m, �[31m1 failed�[0m)&#xA;9 steps (�[32m8 passed�[0m, �[31m1 failed�[0m)&#xA;925.542µs&#xA;    sit_test.go:58: non-zero status returned, failed to run feature tests&#xA;--- FAIL: TestFeatures (0.00s)&#xA;</failure>
		</testcase>
		<testcase classname="fanatics.com/sit" name="TestFeatures/Eat_3_out_of_12" time="0.000000"></testcase>
		<testcase classname="fanatics.com/sit" name="TestFeatures/Eat_2_out_of_12" time="0.000000"></testcase>
	</testsuite>
</testsuites>